<?xml version="1.0" encoding="UTF-8"?>
<testsuite name="org.launchcode.exerciseplanner.ExercisePlannerApplicationTests" tests="1" skipped="0" failures="0" errors="0" timestamp="2020-10-18T14:57:10" hostname="DESKTOP-43A4GUB" time="0.512">
  <properties/>
  <testcase name="contextLoads()" classname="org.launchcode.exerciseplanner.ExercisePlannerApplicationTests" time="0.512"/>
  <system-out><![CDATA[09:57:07.537 [Test worker] DEBUG org.springframework.test.context.BootstrapUtils - Instantiating CacheAwareContextLoaderDelegate from class [org.springframework.test.context.cache.DefaultCacheAwareContextLoaderDelegate]
09:57:07.563 [Test worker] DEBUG org.springframework.test.context.BootstrapUtils - Instantiating BootstrapContext using constructor [public org.springframework.test.context.support.DefaultBootstrapContext(java.lang.Class,org.springframework.test.context.CacheAwareContextLoaderDelegate)]
09:57:07.605 [Test worker] DEBUG org.springframework.test.context.BootstrapUtils - Instantiating TestContextBootstrapper for test class [org.launchcode.exerciseplanner.ExercisePlannerApplicationTests] from class [org.springframework.boot.test.context.SpringBootTestContextBootstrapper]
09:57:07.623 [Test worker] INFO org.springframework.boot.test.context.SpringBootTestContextBootstrapper - Neither @ContextConfiguration nor @ContextHierarchy found for test class [org.launchcode.exerciseplanner.ExercisePlannerApplicationTests], using SpringBootContextLoader
09:57:07.629 [Test worker] DEBUG org.springframework.test.context.support.AbstractContextLoader - Did not detect default resource location for test class [org.launchcode.exerciseplanner.ExercisePlannerApplicationTests]: class path resource [org/launchcode/exerciseplanner/ExercisePlannerApplicationTests-context.xml] does not exist
09:57:07.629 [Test worker] DEBUG org.springframework.test.context.support.AbstractContextLoader - Did not detect default resource location for test class [org.launchcode.exerciseplanner.ExercisePlannerApplicationTests]: class path resource [org/launchcode/exerciseplanner/ExercisePlannerApplicationTestsContext.groovy] does not exist
09:57:07.630 [Test worker] INFO org.springframework.test.context.support.AbstractContextLoader - Could not detect default resource locations for test class [org.launchcode.exerciseplanner.ExercisePlannerApplicationTests]: no resource found for suffixes {-context.xml, Context.groovy}.
09:57:07.631 [Test worker] INFO org.springframework.test.context.support.AnnotationConfigContextLoaderUtils - Could not detect default configuration classes for test class [org.launchcode.exerciseplanner.ExercisePlannerApplicationTests]: ExercisePlannerApplicationTests does not declare any static, non-private, non-final, nested classes annotated with @Configuration.
09:57:07.697 [Test worker] DEBUG org.springframework.test.context.support.ActiveProfilesUtils - Could not find an 'annotation declaring class' for annotation type [org.springframework.test.context.ActiveProfiles] and class [org.launchcode.exerciseplanner.ExercisePlannerApplicationTests]
09:57:07.788 [Test worker] DEBUG org.springframework.context.annotation.ClassPathScanningCandidateComponentProvider - Identified candidate component class: file [C:\Users\KBuss\Desktop\Exercise Planner App\exercise-planner\build\classes\java\main\org\launchcode\exerciseplanner\ExercisePlannerApplication.class]
09:57:07.789 [Test worker] INFO org.springframework.boot.test.context.SpringBootTestContextBootstrapper - Found @SpringBootConfiguration org.launchcode.exerciseplanner.ExercisePlannerApplication for test class org.launchcode.exerciseplanner.ExercisePlannerApplicationTests
09:57:07.973 [Test worker] DEBUG org.springframework.boot.test.context.SpringBootTestContextBootstrapper - @TestExecutionListeners is not present for class [org.launchcode.exerciseplanner.ExercisePlannerApplicationTests]: using defaults.
09:57:07.973 [Test worker] INFO org.springframework.boot.test.context.SpringBootTestContextBootstrapper - Loaded default TestExecutionListener class names from location [META-INF/spring.factories]: [org.springframework.boot.test.autoconfigure.restdocs.RestDocsTestExecutionListener, org.springframework.boot.test.autoconfigure.web.client.MockRestServiceServerResetTestExecutionListener, org.springframework.boot.test.autoconfigure.web.servlet.MockMvcPrintOnlyOnFailureTestExecutionListener, org.springframework.boot.test.autoconfigure.web.servlet.WebDriverTestExecutionListener, org.springframework.boot.test.autoconfigure.webservices.client.MockWebServiceServerTestExecutionListener, org.springframework.boot.test.mock.mockito.MockitoTestExecutionListener, org.springframework.boot.test.mock.mockito.ResetMocksTestExecutionListener, org.springframework.test.context.web.ServletTestExecutionListener, org.springframework.test.context.support.DirtiesContextBeforeModesTestExecutionListener, org.springframework.test.context.support.DependencyInjectionTestExecutionListener, org.springframework.test.context.support.DirtiesContextTestExecutionListener, org.springframework.test.context.transaction.TransactionalTestExecutionListener, org.springframework.test.context.jdbc.SqlScriptsTestExecutionListener, org.springframework.test.context.event.EventPublishingTestExecutionListener]
09:57:07.991 [Test worker] DEBUG org.springframework.boot.test.context.SpringBootTestContextBootstrapper - Skipping candidate TestExecutionListener [org.springframework.test.context.transaction.TransactionalTestExecutionListener] due to a missing dependency. Specify custom listener classes or make the default listener classes and their required dependencies available. Offending class: [org/springframework/transaction/interceptor/TransactionAttributeSource]
09:57:07.991 [Test worker] DEBUG org.springframework.boot.test.context.SpringBootTestContextBootstrapper - Skipping candidate TestExecutionListener [org.springframework.test.context.jdbc.SqlScriptsTestExecutionListener] due to a missing dependency. Specify custom listener classes or make the default listener classes and their required dependencies available. Offending class: [org/springframework/transaction/interceptor/TransactionAttribute]
09:57:07.991 [Test worker] INFO org.springframework.boot.test.context.SpringBootTestContextBootstrapper - Using TestExecutionListeners: [org.springframework.test.context.web.ServletTestExecutionListener@345792a9, org.springframework.test.context.support.DirtiesContextBeforeModesTestExecutionListener@32981b51, org.springframework.boot.test.mock.mockito.MockitoTestExecutionListener@768f2913, org.springframework.boot.test.autoconfigure.SpringBootDependencyInjectionTestExecutionListener@31a81a73, org.springframework.test.context.support.DirtiesContextTestExecutionListener@39e21435, org.springframework.test.context.event.EventPublishingTestExecutionListener@4b52c2cb, org.springframework.boot.test.autoconfigure.restdocs.RestDocsTestExecutionListener@441aad03, org.springframework.boot.test.autoconfigure.web.client.MockRestServiceServerResetTestExecutionListener@35905c71, org.springframework.boot.test.autoconfigure.web.servlet.MockMvcPrintOnlyOnFailureTestExecutionListener@1cfab54a, org.springframework.boot.test.autoconfigure.web.servlet.WebDriverTestExecutionListener@41e37884, org.springframework.boot.test.autoconfigure.webservices.client.MockWebServiceServerTestExecutionListener@5000a70e, org.springframework.boot.test.mock.mockito.ResetMocksTestExecutionListener@67440aab]
09:57:07.998 [Test worker] DEBUG org.springframework.test.context.support.AbstractDirtiesContextTestExecutionListener - Before test class: context [DefaultTestContext@61474ad7 testClass = ExercisePlannerApplicationTests, testInstance = [null], testMethod = [null], testException = [null], mergedContextConfiguration = [WebMergedContextConfiguration@6419346d testClass = ExercisePlannerApplicationTests, locations = '{}', classes = '{class org.launchcode.exerciseplanner.ExercisePlannerApplication}', contextInitializerClasses = '[]', activeProfiles = '{}', propertySourceLocations = '{}', propertySourceProperties = '{org.springframework.boot.test.context.SpringBootTestContextBootstrapper=true}', contextCustomizers = set[org.springframework.boot.test.autoconfigure.actuate.metrics.MetricsExportContextCustomizerFactory$DisableMetricExportContextCustomizer@71067e37, org.springframework.boot.test.autoconfigure.properties.PropertyMappingContextCustomizer@0, org.springframework.boot.test.autoconfigure.web.servlet.WebDriverContextCustomizerFactory$Customizer@2249d7a5, org.springframework.boot.test.context.filter.ExcludeFilterContextCustomizer@32084179, org.springframework.boot.test.json.DuplicateJsonObjectContextCustomizerFactory$DuplicateJsonObjectContextCustomizer@6d3bbff, org.springframework.boot.test.mock.mockito.MockitoContextCustomizer@0, org.springframework.boot.test.web.client.TestRestTemplateContextCustomizer@bdefd96, org.springframework.boot.test.context.SpringBootTestArgs@1, org.springframework.boot.test.context.SpringBootTestWebEnvironment@cd29d64], resourceBasePath = 'src/main/webapp', contextLoader = 'org.springframework.boot.test.context.SpringBootContextLoader', parent = [null]], attributes = map['org.springframework.test.context.web.ServletTestExecutionListener.activateListener' -> true]], class annotated with @DirtiesContext [false] with mode [null].
09:57:08.035 [Test worker] DEBUG org.springframework.test.context.support.TestPropertySourceUtils - Adding inlined properties to environment: {spring.jmx.enabled=false, org.springframework.boot.test.context.SpringBootTestContextBootstrapper=true}

  .   ____          _            __ _ _
 /\\ / ___'_ __ _ _(_)_ __  __ _ \ \ \ \
( ( )\___ | '_ | '_| | '_ \/ _` | \ \ \ \
 \\/  ___)| |_)| | | | | || (_| |  ) ) ) )
  '  |____| .__|_| |_|_| |_\__, | / / / /
 =========|_|==============|___/=/_/_/_/
 :: Spring Boot ::             (v2.4.0-M4)

2020-10-18 09:57:08.353  INFO 22364 --- [    Test worker] o.l.e.ExercisePlannerApplicationTests    : Starting ExercisePlannerApplicationTests using Java 13.0.1 on DESKTOP-43A4GUB with PID 22364 (started by KBuss in C:\Users\KBuss\Desktop\Exercise Planner App\exercise-planner)
2020-10-18 09:57:08.359  INFO 22364 --- [    Test worker] o.l.e.ExercisePlannerApplicationTests    : No active profile set, falling back to default profiles: default
2020-10-18 09:57:09.949  INFO 22364 --- [    Test worker] o.s.s.concurrent.ThreadPoolTaskExecutor  : Initializing ExecutorService 'applicationTaskExecutor'
2020-10-18 09:57:10.404  INFO 22364 --- [    Test worker] o.l.e.ExercisePlannerApplicationTests    : Started ExercisePlannerApplicationTests in 2.359 seconds (JVM running for 4.191)
]]></system-out>
  <system-err><![CDATA[]]></system-err>
</testsuite>
